e:\c++_code\raytracing\next_week\next\x64\release\vc142.pdb
e:\c++_code\raytracing\next_week\next\x64\release\vec3.obj
e:\c++_code\raytracing\next_week\next\x64\release\texture.obj
e:\c++_code\raytracing\next_week\next\x64\release\sphere.obj
e:\c++_code\raytracing\next_week\next\x64\release\rtweekend.obj
e:\c++_code\raytracing\next_week\next\x64\release\ray.obj
e:\c++_code\raytracing\next_week\next\x64\release\perlin.obj
e:\c++_code\raytracing\next_week\next\x64\release\moving_sphere.obj
e:\c++_code\raytracing\next_week\next\x64\release\material.obj
e:\c++_code\raytracing\next_week\next\x64\release\main.obj
e:\c++_code\raytracing\next_week\next\x64\release\hittable_list.obj
e:\c++_code\raytracing\next_week\next\x64\release\hittable.obj
e:\c++_code\raytracing\next_week\next\x64\release\color.obj
e:\c++_code\raytracing\next_week\next\x64\release\camera.obj
e:\c++_code\raytracing\next_week\next\x64\release\bvh.obj
e:\c++_code\raytracing\next_week\next\x64\release\aabb.obj
e:\c++_code\raytracing\next_week\next\x64\release\next.exe
e:\c++_code\raytracing\next_week\next\x64\release\next.pdb
e:\c++_code\raytracing\next_week\next\x64\release\next.ipdb
e:\c++_code\raytracing\next_week\next\x64\release\next.iobj
e:\c++_code\raytracing\next_week\next\x64\release\next.tlog\cl.command.1.tlog
e:\c++_code\raytracing\next_week\next\x64\release\next.tlog\cl.read.1.tlog
e:\c++_code\raytracing\next_week\next\x64\release\next.tlog\cl.write.1.tlog
e:\c++_code\raytracing\next_week\next\x64\release\next.tlog\link.command.1.tlog
e:\c++_code\raytracing\next_week\next\x64\release\next.tlog\link.read.1.tlog
e:\c++_code\raytracing\next_week\next\x64\release\next.tlog\link.write.1.tlog
e:\c++_code\raytracing\next_week\next\x64\release\next.tlog\next.write.1u.tlog
